21-Sep-2024 17:22:46.185 INFO [localhost-startStop-1] org.apache.catalina.core.ApplicationContext.log ContextListener: contextInitialized()
21-Sep-2024 17:22:46.186 INFO [localhost-startStop-1] org.apache.catalina.core.ApplicationContext.log SessionListener: contextInitialized()
21-Sep-2024 17:22:46.188 INFO [localhost-startStop-1] org.apache.catalina.core.ApplicationContext.log ContextListener: attributeAdded('StockTicker', 'async.Stockticker@772954f5')
21-Sep-2024 17:24:14.490 INFO [localhost-startStop-2] org.apache.catalina.core.ApplicationContext.log SessionListener: contextDestroyed()
21-Sep-2024 17:24:14.490 INFO [localhost-startStop-2] org.apache.catalina.core.ApplicationContext.log ContextListener: contextDestroyed()
21-Sep-2024 17:24:25.539 INFO [localhost-startStop-1] org.apache.catalina.core.ApplicationContext.log ContextListener: contextInitialized()
21-Sep-2024 17:24:25.539 INFO [localhost-startStop-1] org.apache.catalina.core.ApplicationContext.log SessionListener: contextInitialized()
21-Sep-2024 17:24:25.544 INFO [localhost-startStop-1] org.apache.catalina.core.ApplicationContext.log ContextListener: attributeAdded('StockTicker', 'async.Stockticker@3ced04')
21-Sep-2024 17:25:54.317 INFO [http-nio-8002-exec-8] org.apache.catalina.core.ApplicationContext.log 2 Spring WebApplicationInitializers detected on classpath
21-Sep-2024 17:25:58.605 INFO [http-nio-8002-exec-8] org.apache.catalina.core.ApplicationContext.log Initializing Spring embedded WebApplicationContext
21-Sep-2024 17:26:09.001 INFO [http-nio-8002-exec-10] org.apache.catalina.core.ApplicationContext.log Initializing Spring DispatcherServlet 'dispatcherServlet'
21-Sep-2024 17:28:04.159 INFO [http-nio-8002-exec-7] org.apache.catalina.core.ApplicationContext.log 3 Spring WebApplicationInitializers detected on classpath
21-Sep-2024 17:28:07.629 INFO [http-nio-8002-exec-7] org.apache.catalina.core.ApplicationContext.log Initializing Spring embedded WebApplicationContext
21-Sep-2024 17:28:09.081 INFO [http-nio-8002-exec-7] org.apache.catalina.core.ApplicationContext.log Initializing Spring embedded WebApplicationContext
21-Sep-2024 17:35:32.769 INFO [http-nio-8002-exec-9] org.apache.catalina.core.ApplicationContext.log Initializing Spring DispatcherServlet 'dispatcherServlet'
21-Sep-2024 18:00:14.117 INFO [ContainerBackgroundProcessor[StandardEngine[Catalina]]] org.apache.catalina.core.ApplicationContext.log Destroying Spring FrameworkServlet 'dispatcherServlet'
21-Sep-2024 18:00:14.192 INFO [ContainerBackgroundProcessor[StandardEngine[Catalina]]] org.apache.catalina.core.ApplicationContext.log Closing Spring root WebApplicationContext
21-Sep-2024 18:00:26.136 INFO [ContainerBackgroundProcessor[StandardEngine[Catalina]]] org.apache.catalina.core.ApplicationContext.log Destroying Spring FrameworkServlet 'dispatcherServlet'
21-Sep-2024 18:00:26.162 INFO [ContainerBackgroundProcessor[StandardEngine[Catalina]]] org.apache.catalina.core.ApplicationContext.log Closing Spring root WebApplicationContext
21-Sep-2024 18:00:26.297 INFO [ContainerBackgroundProcessor[StandardEngine[Catalina]]] org.apache.catalina.core.ApplicationContext.log Closing Spring root WebApplicationContext
21-Sep-2024 18:01:51.144 INFO [localhost-startStop-2] org.apache.catalina.core.ApplicationContext.log SessionListener: contextDestroyed()
21-Sep-2024 18:01:51.144 INFO [localhost-startStop-2] org.apache.catalina.core.ApplicationContext.log ContextListener: contextDestroyed()
21-Sep-2024 18:10:25.409 INFO [localhost-startStop-1] org.apache.catalina.core.ApplicationContext.log ContextListener: contextInitialized()
21-Sep-2024 18:10:25.409 INFO [localhost-startStop-1] org.apache.catalina.core.ApplicationContext.log SessionListener: contextInitialized()
21-Sep-2024 18:10:25.412 INFO [localhost-startStop-1] org.apache.catalina.core.ApplicationContext.log ContextListener: attributeAdded('StockTicker', 'async.Stockticker@32922e1c')
21-Sep-2024 18:13:55.007 INFO [http-nio-8002-exec-8] org.apache.catalina.core.ApplicationContext.log 2 Spring WebApplicationInitializers detected on classpath
21-Sep-2024 18:14:00.177 INFO [http-nio-8002-exec-8] org.apache.catalina.core.ApplicationContext.log Initializing Spring embedded WebApplicationContext
21-Sep-2024 18:14:47.441 INFO [http-nio-8002-exec-1] org.apache.catalina.core.ApplicationContext.log 3 Spring WebApplicationInitializers detected on classpath
21-Sep-2024 18:14:51.950 INFO [http-nio-8002-exec-1] org.apache.catalina.core.ApplicationContext.log Initializing Spring embedded WebApplicationContext
21-Sep-2024 18:14:54.008 INFO [http-nio-8002-exec-1] org.apache.catalina.core.ApplicationContext.log Initializing Spring embedded WebApplicationContext
21-Sep-2024 18:14:57.139 INFO [http-nio-8002-exec-2] org.apache.catalina.core.ApplicationContext.log Initializing Spring DispatcherServlet 'dispatcherServlet'
21-Sep-2024 18:15:06.450 INFO [http-nio-8002-exec-7] org.apache.catalina.core.ApplicationContext.log Initializing Spring DispatcherServlet 'dispatcherServlet'
21-Sep-2024 19:26:20.832 INFO [localhost-startStop-1] org.apache.catalina.core.ApplicationContext.log 2 Spring WebApplicationInitializers detected on classpath
21-Sep-2024 19:26:25.558 INFO [localhost-startStop-1] org.apache.catalina.core.ApplicationContext.log Initializing Spring embedded WebApplicationContext
21-Sep-2024 19:26:35.427 INFO [localhost-startStop-1] org.apache.catalina.core.ApplicationContext.log 3 Spring WebApplicationInitializers detected on classpath
21-Sep-2024 19:26:38.381 INFO [localhost-startStop-1] org.apache.catalina.core.ApplicationContext.log Initializing Spring embedded WebApplicationContext
21-Sep-2024 19:26:39.940 INFO [localhost-startStop-1] org.apache.catalina.core.ApplicationContext.log Initializing Spring embedded WebApplicationContext
21-Sep-2024 19:26:41.048 INFO [localhost-startStop-1] org.apache.catalina.core.ApplicationContext.log ContextListener: contextInitialized()
21-Sep-2024 19:26:41.048 INFO [localhost-startStop-1] org.apache.catalina.core.ApplicationContext.log SessionListener: contextInitialized()
21-Sep-2024 19:26:41.051 INFO [localhost-startStop-1] org.apache.catalina.core.ApplicationContext.log ContextListener: attributeAdded('StockTicker', 'async.Stockticker@682dd2d4')
21-Sep-2024 19:26:41.269 INFO [localhost-startStop-1] org.apache.catalina.core.ApplicationContext.log Closing Spring root WebApplicationContext
21-Sep-2024 19:26:41.324 INFO [localhost-startStop-1] org.apache.catalina.core.ApplicationContext.log SessionListener: contextDestroyed()
21-Sep-2024 19:26:41.324 INFO [localhost-startStop-1] org.apache.catalina.core.ApplicationContext.log ContextListener: contextDestroyed()
21-Sep-2024 19:26:41.338 INFO [localhost-startStop-1] org.apache.catalina.core.ApplicationContext.log Closing Spring root WebApplicationContext
21-Sep-2024 19:26:41.359 INFO [localhost-startStop-1] org.apache.catalina.core.ApplicationContext.log Closing Spring root WebApplicationContext
21-Sep-2024 19:26:45.442 INFO [http-nio-8002-exec-5] org.apache.catalina.core.ApplicationContext.log Destroying Spring FrameworkServlet 'dispatcherServlet'
21-Sep-2024 19:26:45.465 INFO [http-nio-8002-exec-5] org.apache.catalina.core.ApplicationContext.log Closing Spring root WebApplicationContext
21-Sep-2024 19:38:15.457 INFO [http-nio-8002-exec-12] org.apache.catalina.core.ApplicationContext.log 2 Spring WebApplicationInitializers detected on classpath
21-Sep-2024 19:38:20.803 INFO [http-nio-8002-exec-12] org.apache.catalina.core.ApplicationContext.log Initializing Spring embedded WebApplicationContext
21-Sep-2024 20:06:55.536 INFO [http-nio-8002-exec-14] org.apache.catalina.core.ApplicationContext.log Destroying Spring FrameworkServlet 'dispatcherServlet'
21-Sep-2024 20:06:55.554 INFO [http-nio-8002-exec-14] org.apache.catalina.core.ApplicationContext.log Closing Spring root WebApplicationContext
21-Sep-2024 20:06:55.722 INFO [http-nio-8002-exec-14] org.apache.catalina.core.ApplicationContext.log Closing Spring root WebApplicationContext
21-Sep-2024 20:07:00.269 INFO [http-nio-8002-exec-17] org.apache.catalina.core.ApplicationContext.log 3 Spring WebApplicationInitializers detected on classpath
21-Sep-2024 20:07:03.792 INFO [http-nio-8002-exec-17] org.apache.catalina.core.ApplicationContext.log Initializing Spring embedded WebApplicationContext
21-Sep-2024 20:07:05.545 INFO [http-nio-8002-exec-17] org.apache.catalina.core.ApplicationContext.log Initializing Spring embedded WebApplicationContext
21-Sep-2024 20:07:16.917 INFO [http-nio-8002-exec-11] org.apache.catalina.core.ApplicationContext.log Closing Spring root WebApplicationContext
21-Sep-2024 20:07:16.940 INFO [http-nio-8002-exec-11] org.apache.catalina.core.ApplicationContext.log Closing Spring root WebApplicationContext
21-Sep-2024 20:07:51.070 INFO [http-nio-8002-exec-24] org.apache.catalina.core.ApplicationContext.log 3 Spring WebApplicationInitializers detected on classpath
21-Sep-2024 20:07:55.320 INFO [http-nio-8002-exec-22] org.apache.catalina.core.ApplicationContext.log Initializing Spring DispatcherServlet 'dispatcherServlet'
21-Sep-2024 20:07:56.144 INFO [http-nio-8002-exec-24] org.apache.catalina.core.ApplicationContext.log Initializing Spring embedded WebApplicationContext
21-Sep-2024 20:08:00.339 INFO [http-nio-8002-exec-24] org.apache.catalina.core.ApplicationContext.log Initializing Spring embedded WebApplicationContext
21-Sep-2024 20:08:22.943 INFO [http-nio-8002-exec-29] org.apache.catalina.core.ApplicationContext.log Initializing Spring DispatcherServlet 'dispatcherServlet'
21-Sep-2024 20:49:19.188 INFO [http-nio-8002-exec-31] org.apache.catalina.core.ApplicationContext.log Destroying Spring FrameworkServlet 'dispatcherServlet'
21-Sep-2024 20:49:19.195 INFO [http-nio-8002-exec-31] org.apache.catalina.core.ApplicationContext.log Closing Spring root WebApplicationContext
21-Sep-2024 20:49:19.395 INFO [http-nio-8002-exec-31] org.apache.catalina.core.ApplicationContext.log Closing Spring root WebApplicationContext
21-Sep-2024 20:49:24.081 INFO [http-nio-8002-exec-29] org.apache.catalina.core.ApplicationContext.log 3 Spring WebApplicationInitializers detected on classpath
21-Sep-2024 20:49:28.027 INFO [http-nio-8002-exec-29] org.apache.catalina.core.ApplicationContext.log Initializing Spring embedded WebApplicationContext
21-Sep-2024 20:49:33.165 INFO [http-nio-8002-exec-29] org.apache.catalina.core.ApplicationContext.log Initializing Spring embedded WebApplicationContext
21-Sep-2024 20:50:22.900 INFO [http-nio-8002-exec-38] org.apache.catalina.core.ApplicationContext.log Closing Spring root WebApplicationContext
21-Sep-2024 20:50:22.989 INFO [http-nio-8002-exec-38] org.apache.catalina.core.ApplicationContext.log Closing Spring root WebApplicationContext
21-Sep-2024 20:50:30.756 INFO [http-nio-8002-exec-28] org.apache.catalina.core.ApplicationContext.log 3 Spring WebApplicationInitializers detected on classpath
21-Sep-2024 20:50:40.042 INFO [http-nio-8002-exec-28] org.apache.catalina.core.ApplicationContext.log Initializing Spring embedded WebApplicationContext
21-Sep-2024 20:50:43.828 INFO [http-nio-8002-exec-28] org.apache.catalina.core.ApplicationContext.log Initializing Spring embedded WebApplicationContext
