21-Sep-2024 17:24:33.884 INFO [http-nio-8002-exec-2] org.apache.catalina.core.ApplicationContext.log HTMLManager: init: Associated with Deployer 'Catalina:type=Deployer,host=localhost'
21-Sep-2024 17:24:33.884 INFO [http-nio-8002-exec-2] org.apache.catalina.core.ApplicationContext.log HTMLManager: init: Global resources are available
21-Sep-2024 17:24:33.896 INFO [http-nio-8002-exec-2] org.apache.catalina.core.ApplicationContext.log HTMLManager: list: Listing contexts for virtual host 'localhost'
21-Sep-2024 17:26:06.187 INFO [http-nio-8002-exec-8] org.apache.catalina.core.ApplicationContext.log HTMLManager: list: Listing contexts for virtual host 'localhost'
21-Sep-2024 17:28:09.203 INFO [http-nio-8002-exec-7] org.apache.catalina.core.ApplicationContext.log HTMLManager: list: Listing contexts for virtual host 'localhost'
21-Sep-2024 18:10:42.249 INFO [http-nio-8002-exec-5] org.apache.catalina.core.ApplicationContext.log HTMLManager: init: Associated with Deployer 'Catalina:type=Deployer,host=localhost'
21-Sep-2024 18:10:42.249 INFO [http-nio-8002-exec-5] org.apache.catalina.core.ApplicationContext.log HTMLManager: init: Global resources are available
21-Sep-2024 18:10:42.262 INFO [http-nio-8002-exec-5] org.apache.catalina.core.ApplicationContext.log HTMLManager: list: Listing contexts for virtual host 'localhost'
21-Sep-2024 18:14:07.077 INFO [http-nio-8002-exec-8] org.apache.catalina.core.ApplicationContext.log HTMLManager: list: Listing contexts for virtual host 'localhost'
21-Sep-2024 18:14:54.127 INFO [http-nio-8002-exec-1] org.apache.catalina.core.ApplicationContext.log HTMLManager: list: Listing contexts for virtual host 'localhost'
21-Sep-2024 19:26:40.522 INFO [http-nio-8002-exec-3] org.apache.catalina.core.ApplicationContext.log HTMLManager: list: Listing contexts for virtual host 'localhost'
21-Sep-2024 19:26:45.427 INFO [http-nio-8002-exec-5] org.apache.catalina.core.ApplicationContext.log HTMLManager: undeploy: Undeploying web application at '/tasks-backend'
21-Sep-2024 19:26:46.432 INFO [http-nio-8002-exec-5] org.apache.catalina.core.ApplicationContext.log HTMLManager: list: Listing contexts for virtual host 'localhost'
21-Sep-2024 19:38:08.549 INFO [http-nio-8002-exec-11] org.apache.catalina.core.ApplicationContext.log Manager: init: Associated with Deployer 'Catalina:type=Deployer,host=localhost'
21-Sep-2024 19:38:08.550 INFO [http-nio-8002-exec-11] org.apache.catalina.core.ApplicationContext.log Manager: init: Global resources are available
21-Sep-2024 19:38:08.560 INFO [http-nio-8002-exec-11] org.apache.catalina.core.ApplicationContext.log Manager: list: Listing contexts for virtual host 'localhost'
21-Sep-2024 19:38:08.584 INFO [http-nio-8002-exec-12] org.apache.catalina.core.ApplicationContext.log Manager: deploy: Deploying web application '/tasks-backend'
21-Sep-2024 19:38:08.585 INFO [http-nio-8002-exec-12] org.apache.catalina.core.ApplicationContext.log Manager: Uploading WAR file to C:\Users\jeanl\OneDrive\Área de Trabalho\CI-CD\apache-tomcat-8.5.50\webapps\tasks-backend.war
21-Sep-2024 20:06:55.385 INFO [http-nio-8002-exec-14] org.apache.catalina.core.ApplicationContext.log Manager: list: Listing contexts for virtual host 'localhost'
21-Sep-2024 20:06:55.402 INFO [http-nio-8002-exec-14] org.apache.catalina.core.ApplicationContext.log Manager: list: Listing contexts for virtual host 'localhost'
21-Sep-2024 20:06:55.411 INFO [http-nio-8002-exec-14] org.apache.catalina.core.ApplicationContext.log Manager: undeploy: Undeploying web application at '/tasks'
21-Sep-2024 20:06:56.577 INFO [http-nio-8002-exec-17] org.apache.catalina.core.ApplicationContext.log Manager: deploy: Deploying web application '/tasks'
21-Sep-2024 20:06:56.577 INFO [http-nio-8002-exec-17] org.apache.catalina.core.ApplicationContext.log Manager: Uploading WAR file to C:\Users\jeanl\OneDrive\Área de Trabalho\CI-CD\apache-tomcat-8.5.50\webapps\tasks.war
21-Sep-2024 20:07:07.027 INFO [http-nio-8002-exec-20] org.apache.catalina.core.ApplicationContext.log HTMLManager: list: Listing contexts for virtual host 'localhost'
21-Sep-2024 20:07:10.757 INFO [http-nio-8002-exec-16] org.apache.catalina.core.ApplicationContext.log HTMLManager: list: Listing contexts for virtual host 'localhost'
21-Sep-2024 20:07:16.915 INFO [http-nio-8002-exec-11] org.apache.catalina.core.ApplicationContext.log HTMLManager: undeploy: Undeploying web application at '/tasks'
21-Sep-2024 20:07:17.839 INFO [http-nio-8002-exec-11] org.apache.catalina.core.ApplicationContext.log HTMLManager: list: Listing contexts for virtual host 'localhost'
21-Sep-2024 20:07:46.110 INFO [http-nio-8002-exec-16] org.apache.catalina.core.ApplicationContext.log Manager: list: Listing contexts for virtual host 'localhost'
21-Sep-2024 20:07:46.118 INFO [http-nio-8002-exec-24] org.apache.catalina.core.ApplicationContext.log Manager: deploy: Deploying web application '/tasks'
21-Sep-2024 20:07:46.118 INFO [http-nio-8002-exec-24] org.apache.catalina.core.ApplicationContext.log Manager: Uploading WAR file to C:\Users\jeanl\OneDrive\Área de Trabalho\CI-CD\apache-tomcat-8.5.50\webapps\tasks.war
21-Sep-2024 20:08:21.197 INFO [http-nio-8002-exec-28] org.apache.catalina.core.ApplicationContext.log HTMLManager: list: Listing contexts for virtual host 'localhost'
21-Sep-2024 20:49:19.114 INFO [http-nio-8002-exec-29] org.apache.catalina.core.ApplicationContext.log Manager: list: Listing contexts for virtual host 'localhost'
21-Sep-2024 20:49:19.145 INFO [http-nio-8002-exec-29] org.apache.catalina.core.ApplicationContext.log Manager: list: Listing contexts for virtual host 'localhost'
21-Sep-2024 20:49:19.156 INFO [http-nio-8002-exec-31] org.apache.catalina.core.ApplicationContext.log Manager: undeploy: Undeploying web application at '/tasks'
21-Sep-2024 20:49:20.483 INFO [http-nio-8002-exec-29] org.apache.catalina.core.ApplicationContext.log Manager: deploy: Deploying web application '/tasks'
21-Sep-2024 20:49:20.483 INFO [http-nio-8002-exec-29] org.apache.catalina.core.ApplicationContext.log Manager: Uploading WAR file to C:\Users\jeanl\OneDrive\Área de Trabalho\CI-CD\apache-tomcat-8.5.50\webapps\tasks.war
21-Sep-2024 20:50:22.886 INFO [http-nio-8002-exec-37] org.apache.catalina.core.ApplicationContext.log Manager: list: Listing contexts for virtual host 'localhost'
21-Sep-2024 20:50:22.890 INFO [http-nio-8002-exec-38] org.apache.catalina.core.ApplicationContext.log Manager: list: Listing contexts for virtual host 'localhost'
21-Sep-2024 20:50:22.895 INFO [http-nio-8002-exec-38] org.apache.catalina.core.ApplicationContext.log Manager: undeploy: Undeploying web application at '/tasks'
21-Sep-2024 20:50:24.415 INFO [http-nio-8002-exec-28] org.apache.catalina.core.ApplicationContext.log Manager: deploy: Deploying web application '/tasks'
21-Sep-2024 20:50:24.415 INFO [http-nio-8002-exec-28] org.apache.catalina.core.ApplicationContext.log Manager: Uploading WAR file to C:\Users\jeanl\OneDrive\Área de Trabalho\CI-CD\apache-tomcat-8.5.50\webapps\tasks.war
