21-Sep-2024 14:36:25.113 INFO [main] org.apache.catalina.startup.VersionLoggerListener.log Server version name:   Apache Tomcat/10.1.30
21-Sep-2024 14:36:25.124 INFO [main] org.apache.catalina.startup.VersionLoggerListener.log Server built:          Sep 13 2024 20:26:16 UTC
21-Sep-2024 14:36:25.126 INFO [main] org.apache.catalina.startup.VersionLoggerListener.log Server version number: 10.1.30.0
21-Sep-2024 14:36:25.127 INFO [main] org.apache.catalina.startup.VersionLoggerListener.log OS Name:               Windows 11
21-Sep-2024 14:36:25.127 INFO [main] org.apache.catalina.startup.VersionLoggerListener.log OS Version:            10.0
21-Sep-2024 14:36:25.128 INFO [main] org.apache.catalina.startup.VersionLoggerListener.log Architecture:          amd64
21-Sep-2024 14:36:25.128 INFO [main] org.apache.catalina.startup.VersionLoggerListener.log Java Home:             C:\Program Files\Java\jdk-19
21-Sep-2024 14:36:25.128 INFO [main] org.apache.catalina.startup.VersionLoggerListener.log JVM Version:           19.0.2+7-44
21-Sep-2024 14:36:25.129 INFO [main] org.apache.catalina.startup.VersionLoggerListener.log JVM Vendor:            Oracle Corporation
21-Sep-2024 14:36:25.130 INFO [main] org.apache.catalina.startup.VersionLoggerListener.log CATALINA_BASE:         C:\Users\jeanl\OneDrive\Área de Trabalho\CI-CD\apache-tomcat-10.1.30
21-Sep-2024 14:36:25.133 INFO [main] org.apache.catalina.startup.VersionLoggerListener.log CATALINA_HOME:         C:\Users\jeanl\OneDrive\Área de Trabalho\CI-CD\apache-tomcat-10.1.30
21-Sep-2024 14:36:25.168 INFO [main] org.apache.catalina.startup.VersionLoggerListener.log Command line argument: -Djava.util.logging.config.file=C:\Users\jeanl\OneDrive\Área de Trabalho\CI-CD\apache-tomcat-10.1.30\conf\logging.properties
21-Sep-2024 14:36:25.169 INFO [main] org.apache.catalina.startup.VersionLoggerListener.log Command line argument: -Djava.util.logging.manager=org.apache.juli.ClassLoaderLogManager
21-Sep-2024 14:36:25.170 INFO [main] org.apache.catalina.startup.VersionLoggerListener.log Command line argument: -Djdk.tls.ephemeralDHKeySize=2048
21-Sep-2024 14:36:25.177 INFO [main] org.apache.catalina.startup.VersionLoggerListener.log Command line argument: -Djava.protocol.handler.pkgs=org.apache.catalina.webresources
21-Sep-2024 14:36:25.177 INFO [main] org.apache.catalina.startup.VersionLoggerListener.log Command line argument: --add-opens=java.base/java.lang=ALL-UNNAMED
21-Sep-2024 14:36:25.177 INFO [main] org.apache.catalina.startup.VersionLoggerListener.log Command line argument: --add-opens=java.base/java.io=ALL-UNNAMED
21-Sep-2024 14:36:25.177 INFO [main] org.apache.catalina.startup.VersionLoggerListener.log Command line argument: --add-opens=java.base/java.util=ALL-UNNAMED
21-Sep-2024 14:36:25.177 INFO [main] org.apache.catalina.startup.VersionLoggerListener.log Command line argument: --add-opens=java.base/java.util.concurrent=ALL-UNNAMED
21-Sep-2024 14:36:25.180 INFO [main] org.apache.catalina.startup.VersionLoggerListener.log Command line argument: --add-opens=java.rmi/sun.rmi.transport=ALL-UNNAMED
21-Sep-2024 14:36:25.182 INFO [main] org.apache.catalina.startup.VersionLoggerListener.log Command line argument: -Dcatalina.base=C:\Users\jeanl\OneDrive\Área de Trabalho\CI-CD\apache-tomcat-10.1.30
21-Sep-2024 14:36:25.183 INFO [main] org.apache.catalina.startup.VersionLoggerListener.log Command line argument: -Dcatalina.home=C:\Users\jeanl\OneDrive\Área de Trabalho\CI-CD\apache-tomcat-10.1.30
21-Sep-2024 14:36:25.184 INFO [main] org.apache.catalina.startup.VersionLoggerListener.log Command line argument: -Djava.io.tmpdir=C:\Users\jeanl\OneDrive\Área de Trabalho\CI-CD\apache-tomcat-10.1.30\temp
21-Sep-2024 14:36:25.206 INFO [main] org.apache.catalina.core.AprLifecycleListener.lifecycleEvent The Apache Tomcat Native library which allows using OpenSSL was not found on the java.library.path: [C:\Program Files\Java\jdk-19\bin;C:\WINDOWS\Sun\Java\bin;C:\WINDOWS\system32;C:\WINDOWS;C:\Program Files\Common Files\Oracle\Java\javapath;C:\Program Files\Java\jdk-19\bin;C:\Program Files (x86)\Embarcadero\Studio\21.0\bin;C:\Users\Public\Documents\Embarcadero\Studio\21.0\Bpl;C:\Program Files (x86)\Embarcadero\Studio\21.0\bin64;C:\Users\Public\Documents\Embarcadero\Studio\21.0\Bpl\Win64;C:\Program Files (x86)\Common Files\Oracle\Java\javapath;C:\WINDOWS\system32;C:\WINDOWS;C:\WINDOWS\System32\Wbem;C:\WINDOWS\System32\WindowsPowerShell\v1.0\;C:\WINDOWS\System32\OpenSSH\;C:\Program Files\Git\cmd;C:\Program Files (x86)\Windows Kits\10\Windows Performance Toolkit\;C:\Users\jeanl\AppData\Local\Programs\Python\Python311\;C:\Users\jeanl\AppData\Local\Programs\Python\Python311\Scripts\;C:\Program Files\Java\jdk-19\bin;C:\dev\apache-maven-3.9.1\bin;C:\Program Files\Docker\Docker\resources\bin;C:\Program Files\MongoDB\Server\7.0\bin;C:\Program Files\MySQL\MySQL Server 8.0\bin;;C:\ProgramData\chocolatey\bin;C:\Program Files\MySQL\MySQL Shell 8.0\bin\;C:\Users\jeanl\AppData\Local\Programs\Python\Python312\Scripts\;C:\Users\jeanl\AppData\Local\Programs\Python\Python312\;C:\Users\jeanl\AppData\Local\Programs\Python\Python311\Scripts\;C:\Users\jeanl\AppData\Local\Programs\Python\Python311\;C:\Users\jeanl\AppData\Local\Microsoft\WindowsApps;C:\Users\jeanl\AppData\Local\Programs\Microsoft VS Code\bin;C:\Program Files\JetBrains\IntelliJ IDEA 2024.2.1\bin;;C:\Program Files\JetBrains\IntelliJ IDEA Community Edition 2023.1\bin;;C:\Program Files\mongosh\;C:\Program Files\MySQL\MySQL Server 8.0\bin;;.]
21-Sep-2024 14:36:25.864 INFO [main] org.apache.coyote.AbstractProtocol.init Initializing ProtocolHandler ["http-nio-8001"]
21-Sep-2024 14:36:25.948 INFO [main] org.apache.catalina.startup.Catalina.load Server initialization in [1149] milliseconds
21-Sep-2024 14:36:26.058 INFO [main] org.apache.catalina.core.StandardService.startInternal Starting service [Catalina]
21-Sep-2024 14:36:26.058 INFO [main] org.apache.catalina.core.StandardEngine.startInternal Starting Servlet engine: [Apache Tomcat/10.1.30]
21-Sep-2024 14:36:26.094 INFO [main] org.apache.catalina.startup.HostConfig.deployDirectory Diretório de instalação da aplicação web [C:\Users\jeanl\OneDrive\Área de Trabalho\CI-CD\apache-tomcat-10.1.30\webapps\docs]
21-Sep-2024 14:36:26.899 WARNING [main] org.apache.catalina.util.SessionIdGeneratorBase.createSecureRandom Creation of SecureRandom instance for session ID generation using [SHA1PRNG] took [119] milliseconds.
21-Sep-2024 14:36:26.957 INFO [main] org.apache.catalina.startup.HostConfig.deployDirectory Deployment of web application directory [C:\Users\jeanl\OneDrive\Área de Trabalho\CI-CD\apache-tomcat-10.1.30\webapps\docs] has finished in [862] ms
21-Sep-2024 14:36:26.957 INFO [main] org.apache.catalina.startup.HostConfig.deployDirectory Diretório de instalação da aplicação web [C:\Users\jeanl\OneDrive\Área de Trabalho\CI-CD\apache-tomcat-10.1.30\webapps\examples]
21-Sep-2024 14:36:27.883 INFO [main] org.apache.catalina.startup.HostConfig.deployDirectory Deployment of web application directory [C:\Users\jeanl\OneDrive\Área de Trabalho\CI-CD\apache-tomcat-10.1.30\webapps\examples] has finished in [926] ms
21-Sep-2024 14:36:27.883 INFO [main] org.apache.catalina.startup.HostConfig.deployDirectory Diretório de instalação da aplicação web [C:\Users\jeanl\OneDrive\Área de Trabalho\CI-CD\apache-tomcat-10.1.30\webapps\host-manager]
21-Sep-2024 14:36:27.965 INFO [main] org.apache.catalina.startup.HostConfig.deployDirectory Deployment of web application directory [C:\Users\jeanl\OneDrive\Área de Trabalho\CI-CD\apache-tomcat-10.1.30\webapps\host-manager] has finished in [82] ms
21-Sep-2024 14:36:27.966 INFO [main] org.apache.catalina.startup.HostConfig.deployDirectory Diretório de instalação da aplicação web [C:\Users\jeanl\OneDrive\Área de Trabalho\CI-CD\apache-tomcat-10.1.30\webapps\manager]
21-Sep-2024 14:36:28.033 INFO [main] org.apache.catalina.startup.HostConfig.deployDirectory Deployment of web application directory [C:\Users\jeanl\OneDrive\Área de Trabalho\CI-CD\apache-tomcat-10.1.30\webapps\manager] has finished in [68] ms
21-Sep-2024 14:36:28.034 INFO [main] org.apache.catalina.startup.HostConfig.deployDirectory Diretório de instalação da aplicação web [C:\Users\jeanl\OneDrive\Área de Trabalho\CI-CD\apache-tomcat-10.1.30\webapps\ROOT]
21-Sep-2024 14:36:28.080 INFO [main] org.apache.catalina.startup.HostConfig.deployDirectory Deployment of web application directory [C:\Users\jeanl\OneDrive\Área de Trabalho\CI-CD\apache-tomcat-10.1.30\webapps\ROOT] has finished in [46] ms
21-Sep-2024 14:36:28.087 INFO [main] org.apache.coyote.AbstractProtocol.start Starting ProtocolHandler ["http-nio-8001"]
21-Sep-2024 14:36:28.190 INFO [main] org.apache.catalina.startup.Catalina.start Server startup in [2238] milliseconds
21-Sep-2024 14:39:28.370 INFO [Catalina-utility-1] org.apache.catalina.users.MemoryUserDatabase.backgroundProcess Reloading memory user database [UserDatabase] from updated source [file:/C:/Users/jeanl/OneDrive/Área%20de%20Trabalho/CI-CD/apache-tomcat-10.1.30/conf/tomcat-users.xml]
