21-Sep-2024 14:40:05.187 INFO [http-nio-8001-exec-7] org.apache.catalina.core.ApplicationContext.log HTMLManager: init: Associated with Deployer 'Catalina:type=Deployer,host=localhost'
21-Sep-2024 14:40:05.187 INFO [http-nio-8001-exec-7] org.apache.catalina.core.ApplicationContext.log HTMLManager: init: Global resources are available
21-Sep-2024 14:40:05.206 INFO [http-nio-8001-exec-7] org.apache.catalina.core.ApplicationContext.log HTMLManager: list: Listing contexts for virtual host 'localhost'
21-Sep-2024 14:45:45.004 INFO [http-nio-8001-exec-1] org.apache.catalina.core.ApplicationContext.log HTMLManager: list: Listing contexts for virtual host 'localhost'
21-Sep-2024 14:49:02.183 INFO [http-nio-8001-exec-8] org.apache.catalina.core.ApplicationContext.log HTMLManager: list: Listing contexts for virtual host 'localhost'
21-Sep-2024 14:49:18.764 INFO [http-nio-8001-exec-4] org.apache.catalina.core.ApplicationContext.log HTMLManager: restart: Reloading web application '/tasks-backend'
21-Sep-2024 14:49:22.845 INFO [http-nio-8001-exec-4] org.apache.catalina.core.ApplicationContext.log HTMLManager: list: Listing contexts for virtual host 'localhost'
21-Sep-2024 14:50:13.478 INFO [http-nio-8001-exec-11] org.apache.catalina.core.ApplicationContext.log HTMLManager: stop: Stopping web application '/tasks-backend'
21-Sep-2024 14:50:13.484 INFO [http-nio-8001-exec-11] org.apache.catalina.core.ApplicationContext.log HTMLManager: list: Listing contexts for virtual host 'localhost'
21-Sep-2024 14:50:15.471 INFO [http-nio-8001-exec-12] org.apache.catalina.core.ApplicationContext.log HTMLManager: start: Starting web application '/tasks-backend'
21-Sep-2024 14:50:18.381 INFO [http-nio-8001-exec-12] org.apache.catalina.core.ApplicationContext.log HTMLManager: list: Listing contexts for virtual host 'localhost'
21-Sep-2024 14:56:03.428 INFO [http-nio-8001-exec-17] org.apache.catalina.core.ApplicationContext.log HTMLManager: undeploy: Undeploying web application at '/tasks-backend'
21-Sep-2024 14:56:03.750 INFO [http-nio-8001-exec-17] org.apache.catalina.core.ApplicationContext.log HTMLManager: list: Listing contexts for virtual host 'localhost'
21-Sep-2024 14:56:30.750 INFO [http-nio-8001-exec-24] org.apache.catalina.core.ApplicationContext.log HTMLManager: list: Listing contexts for virtual host 'localhost'
21-Sep-2024 15:02:34.847 INFO [http-nio-8001-exec-27] org.apache.catalina.core.ApplicationContext.log HTMLManager: undeploy: Undeploying web application at '/tasks-backend'
21-Sep-2024 15:02:35.160 INFO [http-nio-8001-exec-27] org.apache.catalina.core.ApplicationContext.log HTMLManager: list: Listing contexts for virtual host 'localhost'
21-Sep-2024 15:02:48.058 INFO [http-nio-8001-exec-28] org.apache.catalina.core.ApplicationContext.log HTMLManager: list: Listing contexts for virtual host 'localhost'
21-Sep-2024 15:05:12.363 INFO [http-nio-8001-exec-37] org.apache.catalina.core.ApplicationContext.log HTMLManager: undeploy: Undeploying web application at '/tasks-backend'
21-Sep-2024 15:05:12.628 INFO [http-nio-8001-exec-37] org.apache.catalina.core.ApplicationContext.log HTMLManager: list: Listing contexts for virtual host 'localhost'
21-Sep-2024 15:05:25.597 INFO [http-nio-8001-exec-45] org.apache.catalina.core.ApplicationContext.log HTMLManager: list: Listing contexts for virtual host 'localhost'
21-Sep-2024 15:14:20.671 INFO [http-nio-8001-exec-47] org.apache.catalina.core.ApplicationContext.log HTMLManager: undeploy: Undeploying web application at '/tasks-backend'
21-Sep-2024 15:14:21.804 INFO [http-nio-8001-exec-47] org.apache.catalina.core.ApplicationContext.log HTMLManager: list: Listing contexts for virtual host 'localhost'
21-Sep-2024 15:14:39.682 INFO [http-nio-8001-exec-53] org.apache.catalina.core.ApplicationContext.log HTMLManager: list: Listing contexts for virtual host 'localhost'
